0 info it worked if it ends with ok
1 verbose cli [ '/usr/bin/node', '/usr/bin/npm', 'run', 'pretty-quick' ]
2 info using npm@3.5.2
3 info using node@v8.10.0
4 verbose run-script [ 'pretty-quick' ]
5 info lifecycle web-go-js-template@1.0.0~pretty-quick: web-go-js-template@1.0.0
6 verbose lifecycle web-go-js-template@1.0.0~pretty-quick: unsafe-perm in lifecycle true
7 verbose lifecycle web-go-js-template@1.0.0~pretty-quick: PATH: /usr/share/npm/bin/node-gyp-bin:/home/a/Documents/GitHub/web-go-js-template/node_modules/.bin:/home/a/anaconda3/bin:/home/a/bin:/home/a/scripts:/home/a/.local/bin:/home/a/Documents/GitHub/private/scripts:/usr/local/go/bin:/home/a/go/bin:/usr/local/sbin:/usr/local/bin:/usr/sbin:/usr/bin:/sbin:/bin:/usr/games:/usr/local/games:/snap/bin:/home/a/node_modules/.bin
8 verbose lifecycle web-go-js-template@1.0.0~pretty-quick: CWD: /home/a/Documents/GitHub/web-go-js-template
9 silly lifecycle web-go-js-template@1.0.0~pretty-quick: Args: [ '-c', 'pretty-quick' ]
10 silly lifecycle web-go-js-template@1.0.0~pretty-quick: Returned: code: 1  signal: null
11 info lifecycle web-go-js-template@1.0.0~pretty-quick: Failed to exec pretty-quick script
12 verbose stack Error: web-go-js-template@1.0.0 pretty-quick: `pretty-quick`
12 verbose stack Exit status 1
12 verbose stack     at EventEmitter.<anonymous> (/usr/share/npm/lib/utils/lifecycle.js:232:16)
12 verbose stack     at emitTwo (events.js:126:13)
12 verbose stack     at EventEmitter.emit (events.js:214:7)
12 verbose stack     at ChildProcess.<anonymous> (/usr/share/npm/lib/utils/spawn.js:24:14)
12 verbose stack     at emitTwo (events.js:126:13)
12 verbose stack     at ChildProcess.emit (events.js:214:7)
12 verbose stack     at maybeClose (internal/child_process.js:925:16)
12 verbose stack     at Process.ChildProcess._handle.onexit (internal/child_process.js:209:5)
13 verbose pkgid web-go-js-template@1.0.0
14 verbose cwd /home/a/Documents/GitHub/web-go-js-template
15 error Linux 4.15.0-135-generic
16 error argv "/usr/bin/node" "/usr/bin/npm" "run" "pretty-quick"
17 error node v8.10.0
18 error npm  v3.5.2
19 error code ELIFECYCLE
20 error web-go-js-template@1.0.0 pretty-quick: `pretty-quick`
20 error Exit status 1
21 error Failed at the web-go-js-template@1.0.0 pretty-quick script 'pretty-quick'.
21 error Make sure you have the latest version of node.js and npm installed.
21 error If you do, this is most likely a problem with the web-go-js-template package,
21 error not with npm itself.
21 error Tell the author that this fails on your system:
21 error     pretty-quick
21 error You can get information on how to open an issue for this project with:
21 error     npm bugs web-go-js-template
21 error Or if that isn't available, you can get their info via:
21 error     npm owner ls web-go-js-template
21 error There is likely additional logging output above.
22 verbose exit [ 1, true ]
